2020/06/22 14:19:17 : qllo
2020/06/22 14:19:20 : qllo
2020/06/22 14:19:21 : qllo
2020/06/22 14:19:22 : qllo
2020/06/22 14:19:23 : qllo
2020/06/22 14:19:23 : qllo
22/06/2020 14:20:25 : qllo
22/06/2020 14:20:26 : qllo
22/06/2020 14:20:27 : qllo
22/06/2020 14:29:00 : qllo
22/06/2020 14:29:26 : qllo
22/06/2020 14:33:11 : qllo
22/06/2020 14:34:22 : qllo
22/06/2020 14:34:25 : qllo
22/06/2020 14:34:49 : qllo
22/06/2020 14:35:11 : qllo
22/06/2020 14:35:14 : qllo
22/06/2020 14:35:16 : qllo
22/06/2020 14:35:16 : qllo
22/06/2020 14:35:17 : qllo
22/06/2020 14:36:48 : qllo
22/06/2020 14:36:50 : qllo
22/06/2020 14:43:15 : bonjour
22/06/2020 14:43:21 : bonjour
22/06/2020 14:43:24 : bonjour
22/06/2020 14:44:56 : bonjour
22/06/2020 14:45:54 : bonjour
22/06/2020 14:46:46 : bonjour
22/06/2020 14:54:20 : bonjour
22/06/2020 14:54:51 : bonjour
22/06/2020 14:56:10 : bonjour
22/06/2020 14:56:36 : bonjour
22/06/2020 14:59:00 : bonjour
22/06/2020 14:59:16 : bonjour
22/06/2020 14:59:47 : bonjour
22/06/2020 15:00:35 : bonjour
22/06/2020 15:01:30 : bonjour
22/06/2020 15:02:03 : ta race
22/06/2020 15:04:06 : ta race
22/06/2020 15:12:50 : ta race
22/06/2020 15:12:58 : c'est bon
30/06/2020 14:44:09 : Bonjour j'aimerais avoir un verre d'eau
